Best trial: 0. Best value: 0.434363:  60%|‚ñà‚ñà‚ñà‚ñà‚ñà‚ñà    | 60/100 [11:11<00:33,  1.21it/s]Best trial: 0. Best value: 0.434363:  60%|‚ñà‚ñà‚ñà‚ñà‚ñà‚ñà    | 60/100 [11:11<00:33,  1.21it/s]Best trial: 0. Best value: 0.434363:  61%|‚ñà‚ñà‚ñà‚ñà‚ñà‚ñà    | 61/100 [11:11<00:32,  1.20it/s]                                                                                     Best trial: 0. Best value: 0.434363:  61%|‚ñà‚ñà‚ñà‚ñà‚ñà‚ñà    | 61/100 [11:13<00:32,  1.20it/s]Best trial: 0. Best value: 0.434363:  61%|‚ñà‚ñà‚ñà‚ñà‚ñà‚ñà    | 61/100 [11:13<00:32,  1.20it/s]Best trial: 0. Best value: 0.434363:  62%|‚ñà‚ñà‚ñà‚ñà‚ñà‚ñà‚ñè   | 62/100 [11:13<00:34,  1.10it/s]                                                                                     Best trial: 0. Best value: 0.434363:  62%|‚ñà‚ñà‚ñà‚ñà‚ñà‚ñà‚ñè   | 62/100 [11:14<00:34,  1.10it/s]Best trial: 0. Best value: 0.434363:  62%|‚ñà‚ñà‚ñà‚ñà‚ñà‚ñà‚ñè   | 62/100 [11:14<00:34,  1.10it/s]Best trial: 0. Best value: 0.434363:  63%|‚ñà‚ñà‚ñà‚ñà‚ñà‚ñà‚ñé   | 63/100 [11:14<00:35,  1.05it/s]                                                                                     Best trial: 0. Best value: 0.434363:  63%|‚ñà‚ñà‚ñà‚ñà‚ñà‚ñà‚ñé   | 63/100 [11:15<00:35,  1.05it/s]Best trial: 0. Best value: 0.434363:  63%|‚ñà‚ñà‚ñà‚ñà‚ñà‚ñà‚ñé   | 63/100 [11:15<00:35,  1.05it/s]Best trial: 0. Best value: 0.434363:  64%|‚ñà‚ñà‚ñà‚ñà‚ñà‚ñà‚ñç   | 64/100 [11:15<00:34,  1.04it/s]                                                                                     Best trial: 0. Best value: 0.434363:  64%|‚ñà‚ñà‚ñà‚ñà‚ñà‚ñà‚ñç   | 64/100 [11:16<00:34,  1.04it/s]Best trial: 0. Best value: 0.434363:  64%|‚ñà‚ñà‚ñà‚ñà‚ñà‚ñà‚ñç   | 64/100 [11:16<00:34,  1.04it/s]Best trial: 0. Best value: 0.434363:  65%|‚ñà‚ñà‚ñà‚ñà‚ñà‚ñà‚ñå   | 65/100 [11:16<00:33,  1.04it/s]                                                                                     Best trial: 0. Best value: 0.434363:  65%|‚ñà‚ñà‚ñà‚ñà‚ñà‚ñà‚ñå   | 65/100 [11:16<00:33,  1.04it/s]Best trial: 0. Best value: 0.434363:  65%|‚ñà‚ñà‚ñà‚ñà‚ñà‚ñà‚ñå   | 65/100 [11:16<00:33,  1.04it/s]Best trial: 0. Best value: 0.434363:  66%|‚ñà‚ñà‚ñà‚ñà‚ñà‚ñà‚ñå   | 66/100 [11:16<00:31,  1.08it/s]                                                                                     Best trial: 0. Best value: 0.434363:  66%|‚ñà‚ñà‚ñà‚ñà‚ñà‚ñà‚ñå   | 66/100 [11:17<00:31,  1.08it/s]Best trial: 0. Best value: 0.434363:  66%|‚ñà‚ñà‚ñà‚ñà‚ñà‚ñà‚ñå   | 66/100 [11:17<00:31,  1.08it/s]Best trial: 0. Best value: 0.434363:  67%|‚ñà‚ñà‚ñà‚ñà‚ñà‚ñà‚ñã   | 67/100 [11:17<00:30,  1.08it/s]                                                                                     Best trial: 0. Best value: 0.434363:  67%|‚ñà‚ñà‚ñà‚ñà‚ñà‚ñà‚ñã   | 67/100 [11:18<00:30,  1.08it/s]Best trial: 0. Best value: 0.434363:  67%|‚ñà‚ñà‚ñà‚ñà‚ñà‚ñà‚ñã   | 67/100 [11:18<00:30,  1.08it/s]Best trial: 0. Best value: 0.434363:  68%|‚ñà‚ñà‚ñà‚ñà‚ñà‚ñà‚ñä   | 68/100 [11:18<00:29,  1.08it/s]                                                                                     Best trial: 0. Best value: 0.434363:  68%|‚ñà‚ñà‚ñà‚ñà‚ñà‚ñà‚ñä   | 68/100 [11:19<00:29,  1.08it/s]Best trial: 0. Best value: 0.434363:  68%|‚ñà‚ñà‚ñà‚ñà‚ñà‚ñà‚ñä   | 68/100 [11:19<00:29,  1.08it/s]Best trial: 0. Best value: 0.434363:  69%|‚ñà‚ñà‚ñà‚ñà‚ñà‚ñà‚ñâ   | 69/100 [11:19<00:29,  1.06it/s]                                                                                     Best trial: 0. Best value: 0.434363:  69%|‚ñà‚ñà‚ñà‚ñà‚ñà‚ñà‚ñâ   | 69/100 [11:20<00:29,  1.06it/s]Best trial: 0. Best value: 0.434363:  69%|‚ñà‚ñà‚ñà‚ñà‚ñà‚ñà‚ñâ   | 69/100 [11:20<00:29,  1.06it/s]Best trial: 0. Best value: 0.434363:  70%|‚ñà‚ñà‚ñà‚ñà‚ñà‚ñà‚ñà   | 70/100 [11:20<00:28,  1.05it/s]                                                                                     Best trial: 0. Best value: 0.434363:  70%|‚ñà‚ñà‚ñà‚ñà‚ñà‚ñà‚ñà   | 70/100 [11:21<00:28,  1.05it/s]Best trial: 0. Best value: 0.434363:  70%|‚ñà‚ñà‚ñà‚ñà‚ñà‚ñà‚ñà   | 70/100 [11:21<00:28,  1.05it/s]Best trial: 0. Best value: 0.434363:  71%|‚ñà‚ñà‚ñà‚ñà‚ñà‚ñà‚ñà   | 71/100 [11:21<00:28,  1.03it/s]                                                                                     Best trial: 0. Best value: 0.434363:  71%|‚ñà‚ñà‚ñà‚ñà‚ñà‚ñà‚ñà   | 71/100 [11:22<00:28,  1.03it/s]Best trial: 0. Best value: 0.434363:  71%|‚ñà‚ñà‚ñà‚ñà‚ñà‚ñà‚ñà   | 71/100 [11:22<00:28,  1.03it/s]Best trial: 0. Best value: 0.434363:  72%|‚ñà‚ñà‚ñà‚ñà‚ñà‚ñà‚ñà‚ñè  | 72/100 [11:22<00:28,  1.01s/it]                                                                                     Best trial: 0. Best value: 0.434363:  72%|‚ñà‚ñà‚ñà‚ñà‚ñà‚ñà‚ñà‚ñè  | 72/100 [11:23<00:28,  1.01s/it]Best trial: 0. Best value: 0.434363:  72%|‚ñà‚ñà‚ñà‚ñà‚ñà‚ñà‚ñà‚ñè  | 72/100 [11:23<00:28,  1.01s/it]Best trial: 0. Best value: 0.434363:  73%|‚ñà‚ñà‚ñà‚ñà‚ñà‚ñà‚ñà‚ñé  | 73/100 [11:23<00:27,  1.02s/it]                                                                                     Best trial: 0. Best value: 0.434363:  73%|‚ñà‚ñà‚ñà‚ñà‚ñà‚ñà‚ñà‚ñé  | 73/100 [11:24<00:27,  1.02s/it]Best trial: 0. Best value: 0.434363:  73%|‚ñà‚ñà‚ñà‚ñà‚ñà‚ñà‚ñà‚ñé  | 73/100 [11:24<00:27,  1.02s/it]Best trial: 0. Best value: 0.434363:  74%|‚ñà‚ñà‚ñà‚ñà‚ñà‚ñà‚ñà‚ñç  | 74/100 [11:24<00:26,  1.00s/it]                                                                                     Best trial: 0. Best value: 0.434363:  74%|‚ñà‚ñà‚ñà‚ñà‚ñà‚ñà‚ñà‚ñç  | 74/100 [11:25<00:26,  1.00s/it]Best trial: 0. Best value: 0.434363:  74%|‚ñà‚ñà‚ñà‚ñà‚ñà‚ñà‚ñà‚ñç  | 74/100 [11:25<00:26,  1.00s/it]Best trial: 0. Best value: 0.434363:  75%|‚ñà‚ñà‚ñà‚ñà‚ñà‚ñà‚ñà‚ñå  | 75/100 [11:25<00:24,  1.01it/s]                                                                                     Best trial: 0. Best value: 0.434363:  75%|‚ñà‚ñà‚ñà‚ñà‚ñà‚ñà‚ñà‚ñå  | 75/100 [11:26<00:24,  1.01it/s]Best trial: 0. Best value: 0.434363:  75%|‚ñà‚ñà‚ñà‚ñà‚ñà‚ñà‚ñà‚ñå  | 75/100 [11:26<00:24,  1.01it/s]Best trial: 0. Best value: 0.434363:  76%|‚ñà‚ñà‚ñà‚ñà‚ñà‚ñà‚ñà‚ñå  | 76/100 [11:26<00:23,  1.02it/s]                                                                                     Best trial: 0. Best value: 0.434363:  76%|‚ñà‚ñà‚ñà‚ñà‚ñà‚ñà‚ñà‚ñå  | 76/100 [11:27<00:23,  1.02it/s]Best trial: 0. Best value: 0.434363:  76%|‚ñà‚ñà‚ñà‚ñà‚ñà‚ñà‚ñà‚ñå  | 76/100 [11:27<00:23,  1.02it/s]Best trial: 0. Best value: 0.434363:  77%|‚ñà‚ñà‚ñà‚ñà‚ñà‚ñà‚ñà‚ñã  | 77/100 [11:27<00:23,  1.01s/it]                                                                                     Best trial: 0. Best value: 0.434363:  77%|‚ñà‚ñà‚ñà‚ñà‚ñà‚ñà‚ñà‚ñã  | 77/100 [11:28<00:23,  1.01s/it]Best trial: 0. Best value: 0.434363:  77%|‚ñà‚ñà‚ñà‚ñà‚ñà‚ñà‚ñà‚ñã  | 77/100 [11:28<00:23,  1.01s/it]Best trial: 0. Best value: 0.434363:  78%|‚ñà‚ñà‚ñà‚ñà‚ñà‚ñà‚ñà‚ñä  | 78/100 [11:28<00:20,  1.05it/s]                                                                                     Best trial: 0. Best value: 0.434363:  78%|‚ñà‚ñà‚ñà‚ñà‚ñà‚ñà‚ñà‚ñä  | 78/100 [11:29<00:20,  1.05it/s]Best trial: 0. Best value: 0.434363:  78%|‚ñà‚ñà‚ñà‚ñà‚ñà‚ñà‚ñà‚ñä  | 78/100 [11:29<00:20,  1.05it/s]Best trial: 0. Best value: 0.434363:  79%|‚ñà‚ñà‚ñà‚ñà‚ñà‚ñà‚ñà‚ñâ  | 79/100 [11:29<00:19,  1.08it/s]                                                                                     Best trial: 0. Best value: 0.434363:  79%|‚ñà‚ñà‚ñà‚ñà‚ñà‚ñà‚ñà‚ñâ  | 79/100 [11:30<00:19,  1.08it/s]Best trial: 0. Best value: 0.434363:  79%|‚ñà‚ñà‚ñà‚ñà‚ñà‚ñà‚ñà‚ñâ  | 79/100 [11:30<00:19,  1.08it/s]Best trial: 0. Best value: 0.434363:  80%|‚ñà‚ñà‚ñà‚ñà‚ñà‚ñà‚ñà‚ñà  | 80/100 [11:30<00:18,  1.09it/s]                                                                                     [I 2025-08-22 16:48:31,945] Trial 60 finished with value: 0.4343628837137771 and parameters: {'max_depth': 6, 'min_child_weight': 1, 'gamma': 3.918012109526289, 'subsample': 0.8099443554390122, 'colsample_bytree': 0.6674535032549156, 'eta': 0.030797039833579648, 'lambda': 3.8776231731518527, 'alpha': 1.9786363949745234, 'max_bin': 512, 'n_estimators': 229}. Best is trial 0 with value: 0.4343628837137771.
[I 2025-08-22 16:48:33,038] Trial 61 finished with value: 0.4343628837137771 and parameters: {'max_depth': 3, 'min_child_weight': 9, 'gamma': 3.520475996525332, 'subsample': 0.8370860787285367, 'colsample_bytree': 0.8476565156525848, 'eta': 0.012619486992267987, 'lambda': 2.3831078393494485, 'alpha': 0.32367001664334727, 'max_bin': 256, 'n_estimators': 271}. Best is trial 0 with value: 0.4343628837137771.
[I 2025-08-22 16:48:34,092] Trial 62 finished with value: 0.4343628837137771 and parameters: {'max_depth': 3, 'min_child_weight': 10, 'gamma': 3.1337238828521974, 'subsample': 0.8916800575731219, 'colsample_bytree': 0.8831111487669758, 'eta': 0.011159702353084996, 'lambda': 2.7878079138591656, 'alpha': 0.07632674535785366, 'max_bin': 256, 'n_estimators': 106}. Best is trial 0 with value: 0.4343628837137771.
[I 2025-08-22 16:48:35,086] Trial 63 finished with value: 0.4343628837137771 and parameters: {'max_depth': 4, 'min_child_weight': 9, 'gamma': 3.262848097233949, 'subsample': 0.822896005807064, 'colsample_bytree': 0.9391803784417257, 'eta': 0.014183207335381105, 'lambda': 1.6100810018471803, 'alpha': 0.6713415758397854, 'max_bin': 256, 'n_estimators': 1565}. Best is trial 0 with value: 0.4343628837137771.
[I 2025-08-22 16:48:36,047] Trial 64 finished with value: 0.4343628837137771 and parameters: {'max_depth': 8, 'min_child_weight': 10, 'gamma': 3.7223458766923083, 'subsample': 0.6828899435310465, 'colsample_bytree': 0.8096809539362126, 'eta': 0.017727712305941567, 'lambda': 3.16743362601175, 'alpha': 0.4056072520423767, 'max_bin': 256, 'n_estimators': 434}. Best is trial 0 with value: 0.4343628837137771.
[I 2025-08-22 16:48:36,881] Trial 65 finished with value: 0.4343628837137771 and parameters: {'max_depth': 9, 'min_child_weight': 10, 'gamma': 2.9605212011740765, 'subsample': 0.7333135798946717, 'colsample_bytree': 0.7918778849630841, 'eta': 0.06960345604401445, 'lambda': 2.466701393770561, 'alpha': 2.34565536046807, 'max_bin': 256, 'n_estimators': 1197}. Best is trial 0 with value: 0.4343628837137771.
[I 2025-08-22 16:48:37,809] Trial 66 finished with value: 0.4343628837137771 and parameters: {'max_depth': 3, 'min_child_weight': 2, 'gamma': 3.417620177318672, 'subsample': 0.8615554745979532, 'colsample_bytree': 0.907396288660332, 'eta': 0.015011499923156646, 'lambda': 2.0258362785278288, 'alpha': 0.9910675694768498, 'max_bin': 512, 'n_estimators': 1367}. Best is trial 0 with value: 0.4343628837137771.
[I 2025-08-22 16:48:38,730] Trial 67 finished with value: 0.4343628837137771 and parameters: {'max_depth': 7, 'min_child_weight': 8, 'gamma': 4.058053260533539, 'subsample': 0.784767786968196, 'colsample_bytree': 0.832660571862094, 'eta': 0.0550993666039095, 'lambda': 1.1945117022168534, 'alpha': 0.2520480341310883, 'max_bin': 1024, 'n_estimators': 172}. Best is trial 0 with value: 0.4343628837137771.
[I 2025-08-22 16:48:39,726] Trial 68 finished with value: 0.4343628837137771 and parameters: {'max_depth': 5, 'min_child_weight': 7, 'gamma': 3.8728811880163745, 'subsample': 0.7480741031732153, 'colsample_bytree': 0.7286285196961422, 'eta': 0.011997303429477319, 'lambda': 1.0107770951752046, 'alpha': 2.2076005634646245, 'max_bin': 256, 'n_estimators': 881}. Best is trial 0 with value: 0.4343628837137771.
[I 2025-08-22 16:48:40,708] Trial 69 finished with value: 0.4343628837137771 and parameters: {'max_depth': 6, 'min_child_weight': 9, 'gamma': 2.7033052299394718, 'subsample': 0.5256221283149588, 'colsample_bytree': 0.7681738961284706, 'eta': 0.02333500441082527, 'lambda': 3.041371015805161, 'alpha': 0.4875199951211654, 'max_bin': 512, 'n_estimators': 962}. Best is trial 0 with value: 0.4343628837137771.
[I 2025-08-22 16:48:41,727] Trial 70 finished with value: 0.4343628837137771 and parameters: {'max_depth': 4, 'min_child_weight': 1, 'gamma': 4.532108996831542, 'subsample': 0.796021405183276, 'colsample_bytree': 0.7420648035298197, 'eta': 0.047905501407268, 'lambda': 1.3923176635096324, 'alpha': 0.7309089888929866, 'max_bin': 512, 'n_estimators': 1855}. Best is trial 0 with value: 0.4343628837137771.
[I 2025-08-22 16:48:42,830] Trial 71 finished with value: 0.4343628837137771 and parameters: {'max_depth': 5, 'min_child_weight': 4, 'gamma': 3.6296908810113617, 'subsample': 0.7689994130341725, 'colsample_bytree': 0.9226151557693758, 'eta': 0.03419740428447986, 'lambda': 0.7953136997645615, 'alpha': 2.4795358873525886, 'max_bin': 1024, 'n_estimators': 1107}. Best is trial 0 with value: 0.4343628837137771.
[I 2025-08-22 16:48:43,859] Trial 72 finished with value: 0.4343628837137771 and parameters: {'max_depth': 5, 'min_child_weight': 3, 'gamma': 4.309078218552079, 'subsample': 0.6630305120378388, 'colsample_bytree': 0.9081479873099219, 'eta': 0.0705087595414688, 'lambda': 0.6128096118968671, 'alpha': 2.8756691832832946, 'max_bin': 1024, 'n_estimators': 729}. Best is trial 0 with value: 0.4343628837137771.
[I 2025-08-22 16:48:44,824] Trial 73 finished with value: 0.4343628837137771 and parameters: {'max_depth': 6, 'min_child_weight': 3, 'gamma': 3.3888746269224708, 'subsample': 0.6995278593211857, 'colsample_bytree': 0.8837171823591795, 'eta': 0.1489437372300824, 'lambda': 3.229085009303864, 'alpha': 2.557514842290077, 'max_bin': 1024, 'n_estimators': 1732}. Best is trial 0 with value: 0.4343628837137771.
[I 2025-08-22 16:48:45,796] Trial 74 finished with value: 0.4343628837137771 and parameters: {'max_depth': 4, 'min_child_weight': 2, 'gamma': 3.828964446468121, 'subsample': 0.7186961153596101, 'colsample_bytree': 0.9345476535425512, 'eta': 0.08907980242236949, 'lambda': 0.9517790885916897, 'alpha': 2.711581100088972, 'max_bin': 1024, 'n_estimators': 782}. Best is trial 0 with value: 0.4343628837137771.
[I 2025-08-22 16:48:46,759] Trial 75 finished with value: 0.4343628837137771 and parameters: {'max_depth': 5, 'min_child_weight': 5, 'gamma': 3.57308384976998, 'subsample': 0.8342972238930653, 'colsample_bytree': 0.858746419381182, 'eta': 0.05073763939358819, 'lambda': 1.5002413657592388, 'alpha': 2.646548185822667, 'max_bin': 1024, 'n_estimators': 1473}. Best is trial 0 with value: 0.4343628837137771.
[I 2025-08-22 16:48:47,826] Trial 76 finished with value: 0.4343628837137771 and parameters: {'max_depth': 7, 'min_child_weight': 3, 'gamma': 0.5174304447504026, 'subsample': 0.8222123619769112, 'colsample_bytree': 0.5416198636997324, 'eta': 0.059271334669921294, 'lambda': 1.3001322166602933, 'alpha': 2.3682541117776745, 'max_bin': 512, 'n_estimators': 1218}. Best is trial 0 with value: 0.4343628837137771.
[I 2025-08-22 16:48:48,649] Trial 77 finished with value: 0.4343628837137771 and parameters: {'max_depth': 8, 'min_child_weight': 2, 'gamma': 1.6110235395736143, 'subsample': 0.8021424010023058, 'colsample_bytree': 0.5562120154699915, 'eta': 0.027205722448764333, 'lambda': 1.7439176401717038, 'alpha': 2.2286009112624434, 'max_bin': 256, 'n_estimators': 1345}. Best is trial 0 with value: 0.4343628837137771.
[I 2025-08-22 16:48:49,501] Trial 78 finished with value: 0.4343628837137771 and parameters: {'max_depth': 6, 'min_child_weight': 10, 'gamma': 2.979602344466132, 'subsample': 0.7803626229892106, 'colsample_bytree': 0.8341483623266945, 'eta': 0.03957375919834836, 'lambda': 2.2355223433938227, 'alpha': 2.8076461323396393, 'max_bin': 512, 'n_estimators': 523}. Best is trial 0 with value: 0.4343628837137771.
