Best trial: 0. Best value: 0.434363:  20%|‚ñà‚ñà        | 20/100 [10:35<39:10, 29.38s/it]Best trial: 0. Best value: 0.434363:  20%|‚ñà‚ñà        | 20/100 [10:35<39:10, 29.38s/it]Best trial: 0. Best value: 0.434363:  21%|‚ñà‚ñà        | 21/100 [10:35<27:25, 20.82s/it]                                                                                     Best trial: 0. Best value: 0.434363:  21%|‚ñà‚ñà        | 21/100 [10:36<27:25, 20.82s/it]Best trial: 0. Best value: 0.434363:  21%|‚ñà‚ñà        | 21/100 [10:36<27:25, 20.82s/it]Best trial: 0. Best value: 0.434363:  22%|‚ñà‚ñà‚ñè       | 22/100 [10:36<19:17, 14.84s/it]                                                                                     Best trial: 0. Best value: 0.434363:  22%|‚ñà‚ñà‚ñè       | 22/100 [10:36<19:17, 14.84s/it]Best trial: 0. Best value: 0.434363:  22%|‚ñà‚ñà‚ñè       | 22/100 [10:36<19:17, 14.84s/it]Best trial: 0. Best value: 0.434363:  23%|‚ñà‚ñà‚ñé       | 23/100 [10:36<13:41, 10.67s/it]                                                                                     Best trial: 0. Best value: 0.434363:  23%|‚ñà‚ñà‚ñé       | 23/100 [10:38<13:41, 10.67s/it]Best trial: 0. Best value: 0.434363:  23%|‚ñà‚ñà‚ñé       | 23/100 [10:38<13:41, 10.67s/it]Best trial: 0. Best value: 0.434363:  24%|‚ñà‚ñà‚ñç       | 24/100 [10:38<09:56,  7.84s/it]                                                                                     Best trial: 0. Best value: 0.434363:  24%|‚ñà‚ñà‚ñç       | 24/100 [10:38<09:56,  7.84s/it]Best trial: 0. Best value: 0.434363:  24%|‚ñà‚ñà‚ñç       | 24/100 [10:38<09:56,  7.84s/it]                                                                                     Best trial: 0. Best value: 0.434363:  25%|‚ñà‚ñà‚ñå       | 25/100 [10:39<09:48,  7.84s/it]Best trial: 0. Best value: 0.434363:  25%|‚ñà‚ñà‚ñå       | 25/100 [10:39<09:48,  7.84s/it]Best trial: 0. Best value: 0.434363:  26%|‚ñà‚ñà‚ñå       | 26/100 [10:39<05:32,  4.50s/it]                                                                                     Best trial: 0. Best value: 0.434363:  26%|‚ñà‚ñà‚ñå       | 26/100 [10:40<05:32,  4.50s/it]Best trial: 0. Best value: 0.434363:  26%|‚ñà‚ñà‚ñå       | 26/100 [10:40<05:32,  4.50s/it]Best trial: 0. Best value: 0.434363:  27%|‚ñà‚ñà‚ñã       | 27/100 [10:40<04:26,  3.65s/it]                                                                                     Best trial: 0. Best value: 0.434363:  27%|‚ñà‚ñà‚ñã       | 27/100 [10:41<04:26,  3.65s/it]Best trial: 0. Best value: 0.434363:  27%|‚ñà‚ñà‚ñã       | 27/100 [10:41<04:26,  3.65s/it]Best trial: 0. Best value: 0.434363:  28%|‚ñà‚ñà‚ñä       | 28/100 [10:41<03:31,  2.94s/it]                                                                                     Best trial: 0. Best value: 0.434363:  28%|‚ñà‚ñà‚ñä       | 28/100 [10:42<03:31,  2.94s/it]Best trial: 0. Best value: 0.434363:  28%|‚ñà‚ñà‚ñä       | 28/100 [10:42<03:31,  2.94s/it]Best trial: 0. Best value: 0.434363:  29%|‚ñà‚ñà‚ñâ       | 29/100 [10:42<02:50,  2.40s/it]                                                                                     Best trial: 0. Best value: 0.434363:  29%|‚ñà‚ñà‚ñâ       | 29/100 [10:43<02:50,  2.40s/it]Best trial: 0. Best value: 0.434363:  29%|‚ñà‚ñà‚ñâ       | 29/100 [10:43<02:50,  2.40s/it]Best trial: 0. Best value: 0.434363:  30%|‚ñà‚ñà‚ñà       | 30/100 [10:43<02:16,  1.95s/it]                                                                                     Best trial: 0. Best value: 0.434363:  30%|‚ñà‚ñà‚ñà       | 30/100 [10:44<02:16,  1.95s/it]Best trial: 0. Best value: 0.434363:  30%|‚ñà‚ñà‚ñà       | 30/100 [10:44<02:16,  1.95s/it]Best trial: 0. Best value: 0.434363:  31%|‚ñà‚ñà‚ñà       | 31/100 [10:44<01:53,  1.65s/it]                                                                                     Best trial: 0. Best value: 0.434363:  31%|‚ñà‚ñà‚ñà       | 31/100 [10:45<01:53,  1.65s/it]Best trial: 0. Best value: 0.434363:  31%|‚ñà‚ñà‚ñà       | 31/100 [10:45<01:53,  1.65s/it]Best trial: 0. Best value: 0.434363:  32%|‚ñà‚ñà‚ñà‚ñè      | 32/100 [10:45<01:38,  1.46s/it]                                                                                     Best trial: 0. Best value: 0.434363:  32%|‚ñà‚ñà‚ñà‚ñè      | 32/100 [10:46<01:38,  1.46s/it]Best trial: 0. Best value: 0.434363:  32%|‚ñà‚ñà‚ñà‚ñè      | 32/100 [10:46<01:38,  1.46s/it]Best trial: 0. Best value: 0.434363:  33%|‚ñà‚ñà‚ñà‚ñé      | 33/100 [10:46<01:31,  1.36s/it]                                                                                     Best trial: 0. Best value: 0.434363:  33%|‚ñà‚ñà‚ñà‚ñé      | 33/100 [10:47<01:31,  1.36s/it]Best trial: 0. Best value: 0.434363:  33%|‚ñà‚ñà‚ñà‚ñé      | 33/100 [10:47<01:31,  1.36s/it]Best trial: 0. Best value: 0.434363:  34%|‚ñà‚ñà‚ñà‚ñç      | 34/100 [10:47<01:23,  1.27s/it]                                                                                     Best trial: 0. Best value: 0.434363:  34%|‚ñà‚ñà‚ñà‚ñç      | 34/100 [10:48<01:23,  1.27s/it]Best trial: 0. Best value: 0.434363:  34%|‚ñà‚ñà‚ñà‚ñç      | 34/100 [10:48<01:23,  1.27s/it]Best trial: 0. Best value: 0.434363:  35%|‚ñà‚ñà‚ñà‚ñå      | 35/100 [10:48<01:15,  1.16s/it]                                                                                     Best trial: 0. Best value: 0.434363:  35%|‚ñà‚ñà‚ñà‚ñå      | 35/100 [10:49<01:15,  1.16s/it]Best trial: 0. Best value: 0.434363:  35%|‚ñà‚ñà‚ñà‚ñå      | 35/100 [10:49<01:15,  1.16s/it]Best trial: 0. Best value: 0.434363:  36%|‚ñà‚ñà‚ñà‚ñå      | 36/100 [10:49<01:10,  1.10s/it]                                                                                     Best trial: 0. Best value: 0.434363:  36%|‚ñà‚ñà‚ñà‚ñå      | 36/100 [10:49<01:10,  1.10s/it]Best trial: 0. Best value: 0.434363:  36%|‚ñà‚ñà‚ñà‚ñå      | 36/100 [10:49<01:10,  1.10s/it]Best trial: 0. Best value: 0.434363:  37%|‚ñà‚ñà‚ñà‚ñã      | 37/100 [10:49<01:02,  1.00it/s]                                                                                     Best trial: 0. Best value: 0.434363:  37%|‚ñà‚ñà‚ñà‚ñã      | 37/100 [10:50<01:02,  1.00it/s]Best trial: 0. Best value: 0.434363:  37%|‚ñà‚ñà‚ñà‚ñã      | 37/100 [10:50<01:02,  1.00it/s]Best trial: 0. Best value: 0.434363:  38%|‚ñà‚ñà‚ñà‚ñä      | 38/100 [10:50<01:02,  1.01s/it]                                                                                     Best trial: 0. Best value: 0.434363:  38%|‚ñà‚ñà‚ñà‚ñä      | 38/100 [10:51<01:02,  1.01s/it]Best trial: 0. Best value: 0.434363:  38%|‚ñà‚ñà‚ñà‚ñä      | 38/100 [10:51<01:02,  1.01s/it]Best trial: 0. Best value: 0.434363:  39%|‚ñà‚ñà‚ñà‚ñâ      | 39/100 [10:51<01:00,  1.01it/s]                                                                                     Best trial: 0. Best value: 0.434363:  39%|‚ñà‚ñà‚ñà‚ñâ      | 39/100 [10:52<01:00,  1.01it/s]Best trial: 0. Best value: 0.434363:  39%|‚ñà‚ñà‚ñà‚ñâ      | 39/100 [10:52<01:00,  1.01it/s]Best trial: 0. Best value: 0.434363:  40%|‚ñà‚ñà‚ñà‚ñà      | 40/100 [10:52<01:01,  1.02s/it]                                                                                     [I 2025-08-22 16:47:55,169] Trial 20 finished with value: 0.4343628837137771 and parameters: {'max_depth': 6, 'min_child_weight': 8, 'gamma': 2.1338265267078924, 'subsample': 0.6261829211910656, 'colsample_bytree': 0.639296835115136, 'eta': 0.03547794599936333, 'lambda': 2.3523887755902333, 'alpha': 2.2835949629579444, 'max_bin': 256, 'n_estimators': 1257}. Best is trial 0 with value: 0.4343628837137771.
[I 2025-08-22 16:47:56,043] Trial 21 finished with value: 0.4343628837137771 and parameters: {'max_depth': 6, 'min_child_weight': 9, 'gamma': 0.9517296466878704, 'subsample': 0.735325570118347, 'colsample_bytree': 0.8152801001013872, 'eta': 0.010257708819026594, 'lambda': 3.11957173570808, 'alpha': 0.45028716847030353, 'max_bin': 1024, 'n_estimators': 1643}. Best is trial 0 with value: 0.4343628837137771.
[I 2025-08-22 16:47:56,989] Trial 22 finished with value: 0.4343628837137771 and parameters: {'max_depth': 7, 'min_child_weight': 8, 'gamma': 0.602276636810134, 'subsample': 0.7158615388509577, 'colsample_bytree': 0.7263910046907338, 'eta': 0.01097306713291844, 'lambda': 3.598387800284094, 'alpha': 0.6196220218617886, 'max_bin': 1024, 'n_estimators': 1787}. Best is trial 0 with value: 0.4343628837137771.
[I 2025-08-22 16:47:58,247] Trial 23 finished with value: 0.4343628837137771 and parameters: {'max_depth': 4, 'min_child_weight': 9, 'gamma': 1.202554800648125, 'subsample': 0.7642712381467605, 'colsample_bytree': 0.7728282396089999, 'eta': 0.01638244192637944, 'lambda': 2.867137235827041, 'alpha': 0.11745170416606188, 'max_bin': 1024, 'n_estimators': 1818}. Best is trial 0 with value: 0.4343628837137771.
[I 2025-08-22 16:47:58,227] Trial 24 finished with value: 0.4343628837137771 and parameters: {'max_depth': 5, 'min_child_weight': 7, 'gamma': 1.8283102073398254, 'subsample': 0.6743932816355931, 'colsample_bytree': 0.7586200408584493, 'eta': 0.02023946695103058, 'lambda': 4.227952576191935, 'alpha': 0.8082770269358972, 'max_bin': 1024, 'n_estimators': 1549}. Best is trial 0 with value: 0.4343628837137771.
[I 2025-08-22 16:47:59,430] Trial 25 finished with value: 0.4343628837137771 and parameters: {'max_depth': 6, 'min_child_weight': 10, 'gamma': 2.8529985325150196, 'subsample': 0.7514279603164395, 'colsample_bytree': 0.5894657034392513, 'eta': 0.014060424634192844, 'lambda': 2.8793538550834206, 'alpha': 1.2827091080021047, 'max_bin': 1024, 'n_estimators': 1866}. Best is trial 0 with value: 0.4343628837137771.
[I 2025-08-22 16:48:00,517] Trial 26 finished with value: 0.4343628837137771 and parameters: {'max_depth': 9, 'min_child_weight': 7, 'gamma': 0.5618829387367049, 'subsample': 0.8025367477877972, 'colsample_bytree': 0.8145916037740318, 'eta': 0.031690510339814404, 'lambda': 1.5311962101985623, 'alpha': 0.3660371278566795, 'max_bin': 512, 'n_estimators': 1651}. Best is trial 0 with value: 0.4343628837137771.
[I 2025-08-22 16:48:01,439] Trial 27 finished with value: 0.4343628837137771 and parameters: {'max_depth': 7, 'min_child_weight': 9, 'gamma': 1.7975498700072041, 'subsample': 0.7158557453369169, 'colsample_bytree': 0.6576110884850557, 'eta': 0.07541099376349035, 'lambda': 1.0171523265005515, 'alpha': 1.7474960499303545, 'max_bin': 256, 'n_estimators': 1442}. Best is trial 0 with value: 0.4343628837137771.
[I 2025-08-22 16:48:02,383] Trial 28 finished with value: 0.4343628837137771 and parameters: {'max_depth': 4, 'min_child_weight': 10, 'gamma': 3.919092256363184, 'subsample': 0.5916523171926497, 'colsample_bytree': 0.6943267291579499, 'eta': 0.05179728601963154, 'lambda': 3.449205519762942, 'alpha': 0.5706045836754776, 'max_bin': 1024, 'n_estimators': 908}. Best is trial 0 with value: 0.4343628837137771.
[I 2025-08-22 16:48:03,181] Trial 29 finished with value: 0.4343628837137771 and parameters: {'max_depth': 5, 'min_child_weight': 1, 'gamma': 3.142634472008576, 'subsample': 0.6509921591465379, 'colsample_bytree': 0.5535138022795247, 'eta': 0.2984699961246933, 'lambda': 2.35339876758563, 'alpha': 1.3509035655029877, 'max_bin': 512, 'n_estimators': 1112}. Best is trial 0 with value: 0.4343628837137771.
[I 2025-08-22 16:48:04,089] Trial 30 finished with value: 0.4343628837137771 and parameters: {'max_depth': 8, 'min_child_weight': 2, 'gamma': 4.429171928976321, 'subsample': 0.691007831193118, 'colsample_bytree': 0.5257472771911731, 'eta': 0.0471174465169467, 'lambda': 4.9926050561122945, 'alpha': 0.20458081562367092, 'max_bin': 512, 'n_estimators': 1298}. Best is trial 0 with value: 0.4343628837137771.
[I 2025-08-22 16:48:05,064] Trial 31 finished with value: 0.4343628837137771 and parameters: {'max_depth': 5, 'min_child_weight': 2, 'gamma': 3.4183067633914055, 'subsample': 0.8441524754356217, 'colsample_bytree': 0.5525163593387054, 'eta': 0.1867332824994387, 'lambda': 0.6685432411620091, 'alpha': 2.6674981491507723, 'max_bin': 512, 'n_estimators': 665}. Best is trial 0 with value: 0.4343628837137771.
[I 2025-08-22 16:48:06,193] Trial 32 finished with value: 0.4343628837137771 and parameters: {'max_depth': 6, 'min_child_weight': 2, 'gamma': 4.677992562711965, 'subsample': 0.7045820191820135, 'colsample_bytree': 0.6117889927352255, 'eta': 0.01290622811964632, 'lambda': 0.8832360462705664, 'alpha': 2.461528932845164, 'max_bin': 512, 'n_estimators': 778}. Best is trial 0 with value: 0.4343628837137771.
[I 2025-08-22 16:48:07,238] Trial 33 finished with value: 0.4343628837137771 and parameters: {'max_depth': 6, 'min_child_weight': 1, 'gamma': 3.769993994309369, 'subsample': 0.8698545935988773, 'colsample_bytree': 0.639229607970089, 'eta': 0.060279842326376405, 'lambda': 1.765480416692093, 'alpha': 2.926276761598815, 'max_bin': 512, 'n_estimators': 554}. Best is trial 0 with value: 0.4343628837137771.
[I 2025-08-22 16:48:08,134] Trial 34 finished with value: 0.4343628837137771 and parameters: {'max_depth': 5, 'min_child_weight': 4, 'gamma': 3.3012606168130705, 'subsample': 0.650564951416554, 'colsample_bytree': 0.5770153659497775, 'eta': 0.0993780975748001, 'lambda': 0.5698463496126566, 'alpha': 2.4228912776971403, 'max_bin': 512, 'n_estimators': 315}. Best is trial 0 with value: 0.4343628837137771.
[I 2025-08-22 16:48:09,100] Trial 35 finished with value: 0.4343628837137771 and parameters: {'max_depth': 3, 'min_child_weight': 3, 'gamma': 2.6264096402360093, 'subsample': 0.7711462364496479, 'colsample_bytree': 0.5361458933445928, 'eta': 0.02095346784321243, 'lambda': 1.2433202853157583, 'alpha': 2.2296927079879345, 'max_bin': 512, 'n_estimators': 1021}. Best is trial 0 with value: 0.4343628837137771.
[I 2025-08-22 16:48:09,861] Trial 36 finished with value: 0.4343628837137771 and parameters: {'max_depth': 7, 'min_child_weight': 4, 'gamma': 1.0003989851616768, 'subsample': 0.815385863929266, 'colsample_bytree': 0.8312706674652943, 'eta': 0.07201726182656396, 'lambda': 3.1036340080341276, 'alpha': 2.859316113582138, 'max_bin': 256, 'n_estimators': 387}. Best is trial 0 with value: 0.4343628837137771.
[I 2025-08-22 16:48:10,890] Trial 37 finished with value: 0.4343628837137771 and parameters: {'max_depth': 4, 'min_child_weight': 1, 'gamma': 0.013280392339037439, 'subsample': 0.5778320193439102, 'colsample_bytree': 0.8708541331624077, 'eta': 0.04391113815096425, 'lambda': 1.2677218357148938, 'alpha': 2.699762681082395, 'max_bin': 512, 'n_estimators': 1667}. Best is trial 0 with value: 0.4343628837137771.
[I 2025-08-22 16:48:11,829] Trial 38 finished with value: 0.4343628837137771 and parameters: {'max_depth': 7, 'min_child_weight': 5, 'gamma': 4.242386568725072, 'subsample': 0.7350651313638632, 'colsample_bytree': 0.5686883491213166, 'eta': 0.06243422721762547, 'lambda': 0.7022956488198162, 'alpha': 2.528751224686731, 'max_bin': 1024, 'n_estimators': 1910}. Best is trial 0 with value: 0.4343628837137771.
[I 2025-08-22 16:48:12,929] Trial 39 finished with value: 0.4343628837137771 and parameters: {'max_depth': 5, 'min_child_weight': 6, 'gamma': 3.5513677312874288, 'subsample': 0.8353663275084976, 'colsample_bytree': 0.6119450541955566, 'eta': 0.031098006609578316, 'lambda': 0.9125329538452691, 'alpha': 2.0482472841850807, 'max_bin': 256, 'n_estimators': 117}. Best is trial 0 with value: 0.4343628837137771.
