[I 2025-08-22 16:48:50,397] Trial 79 finished with value: 0.4343628837137771 and parameters: {'max_depth': 5, 'min_child_weight': 4, 'gamma': 2.4191447531565196, 'subsample': 0.5754583975501169, 'colsample_bytree': 0.8986257804348717, 'eta': 0.010839159374507844, 'lambda': 1.9157026750109438, 'alpha': 0.01957660134589928, 'max_bin': 1024, 'n_estimators': 416}. Best is trial 0 with value: 0.4343628837137771.
Best trial: 0. Best value: 0.434363:  80%|‚ñà‚ñà‚ñà‚ñà‚ñà‚ñà‚ñà‚ñà  | 80/100 [11:31<00:18,  1.09it/s]Best trial: 0. Best value: 0.434363:  80%|‚ñà‚ñà‚ñà‚ñà‚ñà‚ñà‚ñà‚ñà  | 80/100 [11:31<00:18,  1.09it/s]Best trial: 0. Best value: 0.434363:  81%|‚ñà‚ñà‚ñà‚ñà‚ñà‚ñà‚ñà‚ñà  | 81/100 [11:31<00:18,  1.04it/s]                                                                                     Best trial: 0. Best value: 0.434363:  81%|‚ñà‚ñà‚ñà‚ñà‚ñà‚ñà‚ñà‚ñà  | 81/100 [11:32<00:18,  1.04it/s]Best trial: 0. Best value: 0.434363:  81%|‚ñà‚ñà‚ñà‚ñà‚ñà‚ñà‚ñà‚ñà  | 81/100 [11:32<00:18,  1.04it/s]Best trial: 0. Best value: 0.434363:  82%|‚ñà‚ñà‚ñà‚ñà‚ñà‚ñà‚ñà‚ñà‚ñè | 82/100 [11:32<00:17,  1.03it/s]                                                                                     Best trial: 0. Best value: 0.434363:  82%|‚ñà‚ñà‚ñà‚ñà‚ñà‚ñà‚ñà‚ñà‚ñè | 82/100 [11:33<00:17,  1.03it/s]Best trial: 0. Best value: 0.434363:  82%|‚ñà‚ñà‚ñà‚ñà‚ñà‚ñà‚ñà‚ñà‚ñè | 82/100 [11:33<00:17,  1.03it/s]Best trial: 0. Best value: 0.434363:  83%|‚ñà‚ñà‚ñà‚ñà‚ñà‚ñà‚ñà‚ñà‚ñé | 83/100 [11:33<00:16,  1.02it/s]                                                                                     Best trial: 0. Best value: 0.434363:  83%|‚ñà‚ñà‚ñà‚ñà‚ñà‚ñà‚ñà‚ñà‚ñé | 83/100 [11:34<00:16,  1.02it/s]Best trial: 0. Best value: 0.434363:  83%|‚ñà‚ñà‚ñà‚ñà‚ñà‚ñà‚ñà‚ñà‚ñé | 83/100 [11:34<00:16,  1.02it/s]Best trial: 0. Best value: 0.434363:  84%|‚ñà‚ñà‚ñà‚ñà‚ñà‚ñà‚ñà‚ñà‚ñç | 84/100 [11:34<00:15,  1.04it/s]                                                                                     Best trial: 0. Best value: 0.434363:  84%|‚ñà‚ñà‚ñà‚ñà‚ñà‚ñà‚ñà‚ñà‚ñç | 84/100 [11:35<00:15,  1.04it/s]Best trial: 0. Best value: 0.434363:  84%|‚ñà‚ñà‚ñà‚ñà‚ñà‚ñà‚ñà‚ñà‚ñç | 84/100 [11:35<00:15,  1.04it/s]Best trial: 0. Best value: 0.434363:  85%|‚ñà‚ñà‚ñà‚ñà‚ñà‚ñà‚ñà‚ñà‚ñå | 85/100 [11:35<00:14,  1.06it/s]                                                                                     Best trial: 0. Best value: 0.434363:  85%|‚ñà‚ñà‚ñà‚ñà‚ñà‚ñà‚ñà‚ñà‚ñå | 85/100 [11:36<00:14,  1.06it/s]Best trial: 0. Best value: 0.434363:  85%|‚ñà‚ñà‚ñà‚ñà‚ñà‚ñà‚ñà‚ñà‚ñå | 85/100 [11:36<00:14,  1.06it/s]Best trial: 0. Best value: 0.434363:  86%|‚ñà‚ñà‚ñà‚ñà‚ñà‚ñà‚ñà‚ñà‚ñå | 86/100 [11:36<00:13,  1.06it/s]                                                                                     Best trial: 0. Best value: 0.434363:  86%|‚ñà‚ñà‚ñà‚ñà‚ñà‚ñà‚ñà‚ñà‚ñå | 86/100 [11:35<00:13,  1.06it/s]Best trial: 0. Best value: 0.434363:  86%|‚ñà‚ñà‚ñà‚ñà‚ñà‚ñà‚ñà‚ñà‚ñå | 86/100 [11:35<00:13,  1.06it/s]                                                                                     Best trial: 0. Best value: 0.434363:  87%|‚ñà‚ñà‚ñà‚ñà‚ñà‚ñà‚ñà‚ñà‚ñã | 87/100 [11:37<00:12,  1.06it/s]Best trial: 0. Best value: 0.434363:  87%|‚ñà‚ñà‚ñà‚ñà‚ñà‚ñà‚ñà‚ñà‚ñã | 87/100 [11:37<00:12,  1.06it/s]Best trial: 0. Best value: 0.434363:  88%|‚ñà‚ñà‚ñà‚ñà‚ñà‚ñà‚ñà‚ñà‚ñä | 88/100 [11:37<00:08,  1.35it/s]                                                                                     Best trial: 0. Best value: 0.434363:  88%|‚ñà‚ñà‚ñà‚ñà‚ñà‚ñà‚ñà‚ñà‚ñä | 88/100 [11:38<00:08,  1.35it/s]Best trial: 0. Best value: 0.434363:  88%|‚ñà‚ñà‚ñà‚ñà‚ñà‚ñà‚ñà‚ñà‚ñä | 88/100 [11:38<00:08,  1.35it/s]Best trial: 0. Best value: 0.434363:  89%|‚ñà‚ñà‚ñà‚ñà‚ñà‚ñà‚ñà‚ñà‚ñâ | 89/100 [11:38<00:08,  1.30it/s]                                                                                     Best trial: 0. Best value: 0.434363:  89%|‚ñà‚ñà‚ñà‚ñà‚ñà‚ñà‚ñà‚ñà‚ñâ | 89/100 [11:39<00:08,  1.30it/s]Best trial: 0. Best value: 0.434363:  89%|‚ñà‚ñà‚ñà‚ñà‚ñà‚ñà‚ñà‚ñà‚ñâ | 89/100 [11:39<00:08,  1.30it/s]Best trial: 0. Best value: 0.434363:  90%|‚ñà‚ñà‚ñà‚ñà‚ñà‚ñà‚ñà‚ñà‚ñà | 90/100 [11:39<00:08,  1.16it/s]                                                                                     Best trial: 0. Best value: 0.434363:  90%|‚ñà‚ñà‚ñà‚ñà‚ñà‚ñà‚ñà‚ñà‚ñà | 90/100 [11:40<00:08,  1.16it/s]Best trial: 0. Best value: 0.434363:  90%|‚ñà‚ñà‚ñà‚ñà‚ñà‚ñà‚ñà‚ñà‚ñà | 90/100 [11:40<00:08,  1.16it/s]Best trial: 0. Best value: 0.434363:  91%|‚ñà‚ñà‚ñà‚ñà‚ñà‚ñà‚ñà‚ñà‚ñà | 91/100 [11:40<00:08,  1.12it/s]                                                                                     Best trial: 0. Best value: 0.434363:  91%|‚ñà‚ñà‚ñà‚ñà‚ñà‚ñà‚ñà‚ñà‚ñà | 91/100 [11:41<00:08,  1.12it/s]Best trial: 0. Best value: 0.434363:  91%|‚ñà‚ñà‚ñà‚ñà‚ñà‚ñà‚ñà‚ñà‚ñà | 91/100 [11:41<00:08,  1.12it/s]Best trial: 0. Best value: 0.434363:  92%|‚ñà‚ñà‚ñà‚ñà‚ñà‚ñà‚ñà‚ñà‚ñà‚ñè| 92/100 [11:41<00:08,  1.09s/it]                                                                                     Best trial: 0. Best value: 0.434363:  92%|‚ñà‚ñà‚ñà‚ñà‚ñà‚ñà‚ñà‚ñà‚ñà‚ñè| 92/100 [11:43<00:08,  1.09s/it]Best trial: 0. Best value: 0.434363:  92%|‚ñà‚ñà‚ñà‚ñà‚ñà‚ñà‚ñà‚ñà‚ñà‚ñè| 92/100 [11:43<00:08,  1.09s/it]Best trial: 0. Best value: 0.434363:  93%|‚ñà‚ñà‚ñà‚ñà‚ñà‚ñà‚ñà‚ñà‚ñà‚ñé| 93/100 [11:43<00:07,  1.14s/it]                                                                                     Best trial: 0. Best value: 0.434363:  93%|‚ñà‚ñà‚ñà‚ñà‚ñà‚ñà‚ñà‚ñà‚ñà‚ñé| 93/100 [11:44<00:07,  1.14s/it]Best trial: 0. Best value: 0.434363:  93%|‚ñà‚ñà‚ñà‚ñà‚ñà‚ñà‚ñà‚ñà‚ñà‚ñé| 93/100 [11:44<00:07,  1.14s/it]Best trial: 0. Best value: 0.434363:  94%|‚ñà‚ñà‚ñà‚ñà‚ñà‚ñà‚ñà‚ñà‚ñà‚ñç| 94/100 [11:44<00:06,  1.16s/it]                                                                                     Best trial: 0. Best value: 0.434363:  94%|‚ñà‚ñà‚ñà‚ñà‚ñà‚ñà‚ñà‚ñà‚ñà‚ñç| 94/100 [11:45<00:06,  1.16s/it]Best trial: 0. Best value: 0.434363:  94%|‚ñà‚ñà‚ñà‚ñà‚ñà‚ñà‚ñà‚ñà‚ñà‚ñç| 94/100 [11:45<00:06,  1.16s/it]Best trial: 0. Best value: 0.434363:  95%|‚ñà‚ñà‚ñà‚ñà‚ñà‚ñà‚ñà‚ñà‚ñà‚ñå| 95/100 [11:45<00:05,  1.11s/it]                                                                                     Best trial: 0. Best value: 0.434363:  95%|‚ñà‚ñà‚ñà‚ñà‚ñà‚ñà‚ñà‚ñà‚ñà‚ñå| 95/100 [11:46<00:05,  1.11s/it]Best trial: 0. Best value: 0.434363:  95%|‚ñà‚ñà‚ñà‚ñà‚ñà‚ñà‚ñà‚ñà‚ñà‚ñå| 95/100 [11:46<00:05,  1.11s/it]Best trial: 0. Best value: 0.434363:  96%|‚ñà‚ñà‚ñà‚ñà‚ñà‚ñà‚ñà‚ñà‚ñà‚ñå| 96/100 [11:46<00:04,  1.05s/it]                                                                                     Best trial: 0. Best value: 0.434363:  96%|‚ñà‚ñà‚ñà‚ñà‚ñà‚ñà‚ñà‚ñà‚ñà‚ñå| 96/100 [11:47<00:04,  1.05s/it]Best trial: 0. Best value: 0.434363:  96%|‚ñà‚ñà‚ñà‚ñà‚ñà‚ñà‚ñà‚ñà‚ñà‚ñå| 96/100 [11:47<00:04,  1.05s/it]Best trial: 0. Best value: 0.434363:  97%|‚ñà‚ñà‚ñà‚ñà‚ñà‚ñà‚ñà‚ñà‚ñà‚ñã| 97/100 [11:47<00:02,  1.00it/s]                                                                                     Best trial: 0. Best value: 0.434363:  97%|‚ñà‚ñà‚ñà‚ñà‚ñà‚ñà‚ñà‚ñà‚ñà‚ñã| 97/100 [11:48<00:02,  1.00it/s]Best trial: 0. Best value: 0.434363:  97%|‚ñà‚ñà‚ñà‚ñà‚ñà‚ñà‚ñà‚ñà‚ñà‚ñã| 97/100 [11:48<00:02,  1.00it/s]Best trial: 0. Best value: 0.434363:  98%|‚ñà‚ñà‚ñà‚ñà‚ñà‚ñà‚ñà‚ñà‚ñà‚ñä| 98/100 [11:48<00:02,  1.03s/it]                                                                                     Best trial: 0. Best value: 0.434363:  98%|‚ñà‚ñà‚ñà‚ñà‚ñà‚ñà‚ñà‚ñà‚ñà‚ñä| 98/100 [11:49<00:02,  1.03s/it]Best trial: 0. Best value: 0.434363:  98%|‚ñà‚ñà‚ñà‚ñà‚ñà‚ñà‚ñà‚ñà‚ñà‚ñä| 98/100 [11:49<00:02,  1.03s/it]Best trial: 0. Best value: 0.434363:  99%|‚ñà‚ñà‚ñà‚ñà‚ñà‚ñà‚ñà‚ñà‚ñà‚ñâ| 99/100 [11:49<00:01,  1.03s/it]                                                                                     Best trial: 0. Best value: 0.434363:  99%|‚ñà‚ñà‚ñà‚ñà‚ñà‚ñà‚ñà‚ñà‚ñà‚ñâ| 99/100 [11:50<00:01,  1.03s/it]Best trial: 0. Best value: 0.434363:  99%|‚ñà‚ñà‚ñà‚ñà‚ñà‚ñà‚ñà‚ñà‚ñà‚ñâ| 99/100 [11:50<00:01,  1.03s/it]Best trial: 0. Best value: 0.434363: 100%|‚ñà‚ñà‚ñà‚ñà‚ñà‚ñà‚ñà‚ñà‚ñà‚ñà| 100/100 [11:50<00:00,  1.01s/it]Best trial: 0. Best value: 0.434363: 100%|‚ñà‚ñà‚ñà‚ñà‚ñà‚ñà‚ñà‚ñà‚ñà‚ñà| 100/100 [11:50<00:00,  7.10s/it]
[I 2025-08-22 16:48:51,469] Trial 80 finished with value: 0.4343628837137771 and parameters: {'max_depth': 10, 'min_child_weight': 6, 'gamma': 0.741307371020689, 'subsample': 0.6331006440250022, 'colsample_bytree': 0.8778442694007108, 'eta': 0.10358953227406094, 'lambda': 2.630809114320823, 'alpha': 1.1431755502415875, 'max_bin': 512, 'n_estimators': 651}. Best is trial 0 with value: 0.4343628837137771.
[I 2025-08-22 16:48:52,460] Trial 81 finished with value: 0.4343628837137771 and parameters: {'max_depth': 7, 'min_child_weight': 5, 'gamma': 0.14562466896125104, 'subsample': 0.5456667969009683, 'colsample_bytree': 0.5053396326382467, 'eta': 0.07782455678205373, 'lambda': 2.930689070357631, 'alpha': 1.7279431110144856, 'max_bin': 256, 'n_estimators': 1613}. Best is trial 0 with value: 0.4343628837137771.
[I 2025-08-22 16:48:53,457] Trial 82 finished with value: 0.4343628837137771 and parameters: {'max_depth': 6, 'min_child_weight': 4, 'gamma': 3.2801410116705956, 'subsample': 0.6014876645750689, 'colsample_bytree': 0.5848117786094066, 'eta': 0.06428532116719164, 'lambda': 1.959442921083423, 'alpha': 1.2580731808329482, 'max_bin': 256, 'n_estimators': 826}. Best is trial 0 with value: 0.4343628837137771.
[I 2025-08-22 16:48:54,393] Trial 83 finished with value: 0.4343628837137771 and parameters: {'max_depth': 7, 'min_child_weight': 4, 'gamma': 1.214954711432192, 'subsample': 0.7615902054523447, 'colsample_bytree': 0.5213196498341901, 'eta': 0.2075383509081478, 'lambda': 0.8096023094995507, 'alpha': 1.9347501622850667, 'max_bin': 256, 'n_estimators': 1257}. Best is trial 0 with value: 0.4343628837137771.
[I 2025-08-22 16:48:55,279] Trial 84 finished with value: 0.4343628837137771 and parameters: {'max_depth': 6, 'min_child_weight': 5, 'gamma': 0.011172773750814269, 'subsample': 0.551777791113154, 'colsample_bytree': 0.5710273998574911, 'eta': 0.08495762425041903, 'lambda': 2.264790237653958, 'alpha': 2.1390008047089415, 'max_bin': 256, 'n_estimators': 1143}. Best is trial 0 with value: 0.4343628837137771.
[I 2025-08-22 16:48:56,240] Trial 85 finished with value: 0.4343628837137771 and parameters: {'max_depth': 7, 'min_child_weight': 5, 'gamma': 0.48438203079841546, 'subsample': 0.8509249618226165, 'colsample_bytree': 0.533924084936745, 'eta': 0.24591484960366278, 'lambda': 1.1626990296175517, 'alpha': 1.4958027870187607, 'max_bin': 256, 'n_estimators': 1475}. Best is trial 0 with value: 0.4343628837137771.
[I 2025-08-22 16:48:55,954] Trial 86 finished with value: 0.4343628837137771 and parameters: {'max_depth': 8, 'min_child_weight': 3, 'gamma': 1.8966748654363172, 'subsample': 0.5298135221123543, 'colsample_bytree': 0.6122174016427059, 'eta': 0.04352705490637078, 'lambda': 3.4058493194258963, 'alpha': 2.9982853516148404, 'max_bin': 512, 'n_estimators': 1722}. Best is trial 0 with value: 0.4343628837137771.
[I 2025-08-22 16:48:57,243] Trial 87 finished with value: 0.4343628837137771 and parameters: {'max_depth': 5, 'min_child_weight': 1, 'gamma': 0.934507941593409, 'subsample': 0.7350530410881164, 'colsample_bytree': 0.6424751498794582, 'eta': 0.05227998790975967, 'lambda': 0.7004466036821178, 'alpha': 0.5707861080338231, 'max_bin': 512, 'n_estimators': 1965}. Best is trial 0 with value: 0.4343628837137771.
[I 2025-08-22 16:48:58,106] Trial 88 finished with value: 0.4343628837137771 and parameters: {'max_depth': 4, 'min_child_weight': 8, 'gamma': 4.0629765477510995, 'subsample': 0.5604787684404677, 'colsample_bytree': 0.5148376408242837, 'eta': 0.013449587750794393, 'lambda': 2.580759069952257, 'alpha': 1.4103848258879472, 'max_bin': 1024, 'n_estimators': 1791}. Best is trial 0 with value: 0.4343628837137771.
[I 2025-08-22 16:48:59,220] Trial 89 finished with value: 0.4343628837137771 and parameters: {'max_depth': 8, 'min_child_weight': 4, 'gamma': 4.828482613690278, 'subsample': 0.588238510648923, 'colsample_bytree': 0.7881010713913664, 'eta': 0.1253758504618452, 'lambda': 1.8196803984411694, 'alpha': 1.6196003818409053, 'max_bin': 256, 'n_estimators': 595}. Best is trial 0 with value: 0.4343628837137771.
[I 2025-08-22 16:49:00,193] Trial 90 finished with value: 0.4343628837137771 and parameters: {'max_depth': 6, 'min_child_weight': 3, 'gamma': 3.668313145778024, 'subsample': 0.6369813168150578, 'colsample_bytree': 0.6236647175553774, 'eta': 0.16073060679855933, 'lambda': 1.6308126326326746, 'alpha': 2.454769990835228, 'max_bin': 512, 'n_estimators': 1003}. Best is trial 0 with value: 0.4343628837137771.
[I 2025-08-22 16:49:01,792] Trial 91 finished with value: 0.4343628837137771 and parameters: {'max_depth': 3, 'min_child_weight': 1, 'gamma': 1.3232474003619354, 'subsample': 0.5145372427934842, 'colsample_bytree': 0.9283555188703578, 'eta': 0.06580623313206763, 'lambda': 3.347637810031528, 'alpha': 2.6199679203018116, 'max_bin': 1024, 'n_estimators': 1076}. Best is trial 0 with value: 0.4343628837137771.
[I 2025-08-22 16:49:03,050] Trial 92 finished with value: 0.4343628837137771 and parameters: {'max_depth': 4, 'min_child_weight': 2, 'gamma': 1.0637759937882425, 'subsample': 0.6169612942430445, 'colsample_bytree': 0.9486127458896837, 'eta': 0.19211212559277738, 'lambda': 3.7464080428712956, 'alpha': 2.8944267079634076, 'max_bin': 1024, 'n_estimators': 904}. Best is trial 0 with value: 0.4343628837137771.
[I 2025-08-22 16:49:04,273] Trial 93 finished with value: 0.4343628837137771 and parameters: {'max_depth': 3, 'min_child_weight': 1, 'gamma': 0.3796924058265927, 'subsample': 0.8765493636591465, 'colsample_bytree': 0.917893585760789, 'eta': 0.24707572223520338, 'lambda': 3.510669302480981, 'alpha': 2.734143581272446, 'max_bin': 1024, 'n_estimators': 303}. Best is trial 0 with value: 0.4343628837137771.
[I 2025-08-22 16:49:05,273] Trial 94 finished with value: 0.4343628837137771 and parameters: {'max_depth': 4, 'min_child_weight': 1, 'gamma': 0.8067810553067135, 'subsample': 0.5772062534794882, 'colsample_bytree': 0.8942379836373395, 'eta': 0.13834510339261924, 'lambda': 2.787357690344085, 'alpha': 0.27903949176631593, 'max_bin': 1024, 'n_estimators': 698}. Best is trial 0 with value: 0.4343628837137771.
[I 2025-08-22 16:49:06,172] Trial 95 finished with value: 0.4343628837137771 and parameters: {'max_depth': 5, 'min_child_weight': 2, 'gamma': 1.6080952869560627, 'subsample': 0.5651084432679769, 'colsample_bytree': 0.5933289040307472, 'eta': 0.11555167178926518, 'lambda': 3.653028734626731, 'alpha': 2.57010109658148, 'max_bin': 256, 'n_estimators': 971}. Best is trial 0 with value: 0.4343628837137771.
[I 2025-08-22 16:49:07,039] Trial 96 finished with value: 0.4343628837137771 and parameters: {'max_depth': 5, 'min_child_weight': 2, 'gamma': 3.514270075550656, 'subsample': 0.5910275857852437, 'colsample_bytree': 0.9134430489650885, 'eta': 0.05803192494704989, 'lambda': 0.51007337244766, 'alpha': 2.2807830453664106, 'max_bin': 512, 'n_estimators': 1135}. Best is trial 0 with value: 0.4343628837137771.
[I 2025-08-22 16:49:08,135] Trial 97 finished with value: 0.4343628837137771 and parameters: {'max_depth': 9, 'min_child_weight': 9, 'gamma': 2.73150409668561, 'subsample': 0.6466942410594148, 'colsample_bytree': 0.6775028560101674, 'eta': 0.0950759446355529, 'lambda': 2.4147004249870987, 'alpha': 0.7721686504203734, 'max_bin': 1024, 'n_estimators': 1302}. Best is trial 0 with value: 0.4343628837137771.
[I 2025-08-22 16:49:09,165] Trial 98 finished with value: 0.4343628837137771 and parameters: {'max_depth': 3, 'min_child_weight': 10, 'gamma': 4.209693083334578, 'subsample': 0.7455120068616004, 'colsample_bytree': 0.544566585988264, 'eta': 0.01612360079117115, 'lambda': 2.0785600011559255, 'alpha': 0.8892478529254516, 'max_bin': 512, 'n_estimators': 1591}. Best is trial 0 with value: 0.4343628837137771.
[I 2025-08-22 16:49:10,122] Trial 99 finished with value: 0.4343628837137771 and parameters: {'max_depth': 6, 'min_child_weight': 9, 'gamma': 0.6472582690799012, 'subsample': 0.683509571452313, 'colsample_bytree': 0.563946566670873, 'eta': 0.04700356486279271, 'lambda': 0.9853185715112114, 'alpha': 2.497005751521615, 'max_bin': 256, 'n_estimators': 1673}. Best is trial 0 with value: 0.4343628837137771.
2025-08-22 16:49:10 [info     ] optimization_complete          best_params={'max_depth': 5, 'min_child_weight': 10, 'gamma': 3.6599697090570253, 'subsample': 0.7693963178886665, 'colsample_bytree': 0.5702083881990965, 'eta': 0.01699897838270077, 'lambda': 0.7613762547568976, 'alpha': 2.5985284373248057, 'max_bin': 512, 'n_estimators': 1943} best_score=0.4343628837137771 n_pruned=0 n_trials=100
2025-08-22 16:49:42 [info     ] final_model_fitted             threshold_ev=0.44499999999999995 threshold_f1=0.4440446396668752

‚úÖ Otimiza√ß√£o completa em 12.4 minutos
üìä Melhor score: 0.4344

üìà M√©tricas ML:
  f1_score: 0.2446
  pr_auc: 0.4477
  roc_auc: 0.5161
  brier_score: 0.2475

üí∞ Executando backtest...
üéØ Otimizando thresholds para maximizar EV...
  ‚Ä¢ Long Threshold: 0.650
  ‚Ä¢ Short Threshold: 0.450
  ‚Ä¢ Abstention Rate: 8.1%
üìä M√©tricas Trading:
  total_return: 0.1632
  sharpe_ratio: 1.2163
  max_drawdown: -0.1613
  win_rate: 16.5029
  expected_value: 0.4278
üíæ Modelo salvo: artifacts/models/xgboost_optimized.pkl

============================================================
‚úÖ OTIMIZA√á√ÉO COMPLETA!
============================================================

üìä XGBOOST:
  F1 Score: 0.2446
  Sharpe Ratio: 1.2163
  Total Return: 16.32%

‚ö†Ô∏è XGBOOST precisa de mais otimiza√ß√£o
   ML targets: F1>0.6, Brier<0.25
   Trading target: Sharpe>1.0

Fim: 2025-08-22 16:51:22.585435

üí° Para ver resultados detalhados: mlflow ui
